app/build/outputs/apk/manifest-merger-release-report.txt
-- Merging decision tree log ---
manifest
ADDED from AndroidManifest.xml:2:1
	xmlns:android
		ADDED from AndroidManifest.xml:2:11
	package
		ADDED from AndroidManifest.xml:3:5
		INJECTED from AndroidManifest.xml:0:0
		INJECTED from AndroidManifest.xml:0:0
application
ADDED from AndroidManifest.xml:5:5
MERGED from com.android.support:support-v4:21.0.3:16:5
	android:icon
		ADDED from AndroidManifest.xml:6:9
	android:theme
		ADDED from AndroidManifest.xml:7:9
activity#com.swansea.uni.m06.id803623.NoteList
ADDED from AndroidManifest.xml:8:9
	android:label
		ADDED from AndroidManifest.xml:10:13
	android:name
		ADDED from AndroidManifest.xml:9:13
intent-filter#android.intent.action.MAIN+android.intent.category.LAUNCHER
ADDED from AndroidManifest.xml:11:13
action#android.intent.action.MAIN
ADDED from AndroidManifest.xml:12:17
	android:name
		ADDED from AndroidManifest.xml:12:25
category#android.intent.category.LAUNCHER
ADDED from AndroidManifest.xml:14:17
	android:name
		ADDED from AndroidManifest.xml:14:27
activity#com.swansea.uni.m06.id803623.NoteDetail
ADDED from AndroidManifest.xml:17:9
	android:name
		ADDED from AndroidManifest.xml:17:19
uses-permission#android.permission.WAKE_LOCK
ADDED from AndroidManifest.xml:19:9
	android:name
		ADDED from AndroidManifest.xml:19:26
service#com.swansea.uni.m06.id803623.MyAlarmService
ADDED from AndroidManifest.xml:21:9
	android:exported
		ADDED from AndroidManifest.xml:24:13
	android:enabled
		ADDED from AndroidManifest.xml:23:13
	android:name
		ADDED from AndroidManifest.xml:22:13
receiver#com.swansea.uni.m06.id803623.MyAlarmReceiver
ADDED from AndroidManifest.xml:27:9
	android:exported
		ADDED from AndroidManifest.xml:30:13
	android:enabled
		ADDED from AndroidManifest.xml:29:13
	android:name
		ADDED from AndroidManifest.xml:28:13
uses-sdk
INJECTED from AndroidManifest.xml:0:0 reason: use-sdk injection requested
MERGED from com.android.support:support-v4:21.0.3:15:5
	android:minSdkVersion
		INJECTED from AndroidManifest.xml:0:0
		INJECTED from AndroidManifest.xml:0:0